<?xml version="1.0" encoding="UTF-8"?>
<!-- Generated by org.testng.reporters.JUnitReportReporter -->
<testsuite hostname="SRIKANTH" failures="0" tests="1" name="ExtentReport.ExtentReport" time="0.468" errors="0" timestamp="2024-07-30T00:30:40 IST" skipped="0">
  <testcase classname="ExtentReport.ExtentReport" name="method1" time="0.468"/>
</testsuite> <!-- ExtentReport.ExtentReport -->
