<?xml version="1.0" encoding="UTF-8"?>
<!-- Generated by org.testng.reporters.JUnitReportReporter -->
<testsuite hostname="SRIKANTH" failures="0" tests="1" name="ExtentReport.ScreenShot" time="4.106" errors="0" timestamp="2024-07-30T13:20:26 IST" skipped="0">
  <testcase classname="ExtentReport.ScreenShot" name="startTest" time="4.106"/>
</testsuite> <!-- ExtentReport.ScreenShot -->
